==> Checking that code complies with gofmt requirements...
TF_ACC=1 go test $(go list ./... |grep -v 'vendor') -v -run=TestAccOutscaleOAPIRouteTable_tags -timeout 120m
?   	github.com/terraform-providers/terraform-provider-outscale	[no test files]

testing: warning: no tests to run
PASS
ok  	github.com/terraform-providers/terraform-provider-outscale/osc	(cached) [no tests to run]
?   	github.com/terraform-providers/terraform-provider-outscale/osc/common	[no test files]
testing: warning: no tests to run
PASS
ok  	github.com/terraform-providers/terraform-provider-outscale/osc/dl	(cached) [no tests to run]
testing: warning: no tests to run
PASS
ok  	github.com/terraform-providers/terraform-provider-outscale/osc/eim	(cached) [no tests to run]
testing: warning: no tests to run
PASS
ok  	github.com/terraform-providers/terraform-provider-outscale/osc/fcu	(cached) [no tests to run]
testing: warning: no tests to run
PASS
ok  	github.com/terraform-providers/terraform-provider-outscale/osc/handler	(cached) [no tests to run]
testing: warning: no tests to run
PASS
ok  	github.com/terraform-providers/terraform-provider-outscale/osc/icu	(cached) [no tests to run]
testing: warning: no tests to run
PASS
ok  	github.com/terraform-providers/terraform-provider-outscale/osc/lbu	(cached) [no tests to run]
?   	github.com/terraform-providers/terraform-provider-outscale/osc/oapi	[no test files]
=== RUN   TestAccOutscaleOAPIRouteTable_tags
--- SKIP: TestAccOutscaleOAPIRouteTable_tags (0.00s)
    resource_outscale_route_table_test.go:125: 
PASS
ok  	github.com/terraform-providers/terraform-provider-outscale/outscale	0.023s
?   	github.com/terraform-providers/terraform-provider-outscale/test	[no test files]
?   	github.com/terraform-providers/terraform-provider-outscale/utils	[no test files]
